
> ase-ca-lab@0.1.0 build
> next build

⚠ `images.domains` is deprecated in favor of `images.remotePatterns`. Please update next.config.js to protect your application from malicious users.
▲ Next.js 16.1.6 (Turbopack)

  Creating an optimized production build ...
Error: Cannot apply unknown utility class `bg-accent`
    [2m[at onInvalidCandidate (C:\Users\JOHERNANDEZ\Documents\codigos\ASECALAB\node_modules\tailwindcss\dist\lib.js:21:1511)][0m
    [2m[at Ee (C:\Users\JOHERNANDEZ\Documents\codigos\ASECALAB\node_modules\tailwindcss\dist\lib.js:16:37066)][0m
    [2m[at C:\Users\JOHERNANDEZ\Documents\codigos\ASECALAB\node_modules\tailwindcss\dist\lib.js:21:355][0m
    [2m[at Pr (C:\Users\JOHERNANDEZ\Documents\codigos\ASECALAB\node_modules\tailwindcss\dist\lib.js:3:1733)][0m
    [2m[at _ (C:\Users\JOHERNANDEZ\Documents\codigos\ASECALAB\node_modules\tailwindcss\dist\lib.js:3:1377)][0m
    [2m[at Te (C:\Users\JOHERNANDEZ\Documents\codigos\ASECALAB\node_modules\tailwindcss\dist\lib.js:21:172)][0m
    [2m[at pn (C:\Users\JOHERNANDEZ\Documents\codigos\ASECALAB\node_modules\tailwindcss\dist\lib.js:38:294)][0m
    [2m[at async dn (C:\Users\JOHERNANDEZ\Documents\codigos\ASECALAB\node_modules\tailwindcss\dist\lib.js:38:631)][0m
    [2m[at async Xr (C:\Users\JOHERNANDEZ\Documents\codigos\ASECALAB\node_modules\@tailwindcss\node\dist\index.js:10:3417)][0m
    [2m[at async N (C:\Users\JOHERNANDEZ\Documents\codigos\ASECALAB\node_modules\@tailwindcss\postcss\dist\index.js:10:3979)][0m

> Build error occurred
Error: Turbopack build failed with 1 errors:
./app/globals.css
Error evaluating Node.js code
CssSyntaxError: tailwindcss: C:\Users\JOHERNANDEZ\Documents\codigos\ASECALAB\app\globals.css:1:1: Cannot apply unknown utility class `bg-accent`
    at Input.error (node_modules/postcss/lib/input.js:135:16) [C:\Users\JOHERNANDEZ\Documents\codigos\ASECALAB\.next\build\chunks\node_modules_fe693df6._.js:4651:22]
    at Root.error (node_modules/postcss/lib/node.js:146:32) [C:\Users\JOHERNANDEZ\Documents\codigos\ASECALAB\.next\build\chunks\node_modules_fe693df6._.js:928:38]
    [at Object.Once (C:\Users\JOHERNANDEZ\Documents\codigos\ASECALAB\node_modules\@tailwindcss\postcss\dist\index.js:10:6913)]
    at async LazyResult.runAsync (node_modules/postcss/lib/lazy-result.js:293:11) [C:\Users\JOHERNANDEZ\Documents\codigos\ASECALAB\.next\build\chunks\node_modules_fe693df6._.js:6206:21]
    at async transform (turbopack:///[turbopack-node]/transforms/postcss.ts:70:34) [C:\Users\JOHERNANDEZ\Documents\codigos\ASECALAB\.next\build\chunks\[root-of-the-server]__6d51cb5d._.js:172:36]
    at async run (turbopack:///[turbopack-node]/ipc/evaluate.ts:92:23) [C:\Users\JOHERNANDEZ\Documents\codigos\ASECALAB\.next\build\chunks\[root-of-the-server]__44695d76._.js:443:31]

Import trace:
  Client Component Browser:
    ./app/globals.css [Client Component Browser]
    ./app/layout.tsx [Server Component]


    at async transform (turbopack:///[turbopack-node]/transforms/postcss.ts:70:34) [C:\Users\JOHERNANDEZ\Documents\codigos\ASECALAB\.next\build\chunks\[root-of-the-server]__6d51cb5d._.js:172:36])
    at async run (turbopack:///[turbopack-node]/ipc/evaluate.ts:92:23) [C:\Users\JOHERNANDEZ\Documents\codigos\ASECALAB\.next\build\chunks\[root-of-the-server]__44695d76._.js:443:31])
